New log file opened at Mon Oct 03 17:44:16 COT 2016 by 65248@ISIS2603-00
Taking next connection to: 55848
New client attempting to connect on port: 55849-55848
  Address = /172.24.42.139:55848
This client on port 55849 has uuid bc374226-274b-4b7d-b833-8a28893e44a9 configName play-fork-run humanReadableName Play Fork Run protocolVersion 1 featureTags Vector()
Connected Clients: play-fork-run-bc374226-274b-4b7d-b833-8a28893e44a9
Taking next connection to: 55848
Checking to see if clients are empty...
We have 1 non-daemon clients, continuing serving connections.
Taking next connection to: 55848
Checking to see if clients are empty...
We have 1 non-daemon clients, continuing serving connections.
Taking next connection to: 55848
Checking to see if clients are empty...
We have 1 non-daemon clients, continuing serving connections.
Taking next connection to: 55848
Checking to see if clients are empty...
We have 1 non-daemon clients, continuing serving connections.
Taking next connection to: 55848
Checking to see if clients are empty...
No non-daemon clients connected after 3 min. Shutting down.
Server socket thread exiting.
0 clients open, will close them...
All client sockets have been closed.
Closing the 65248@ISIS2603-00 logs at Mon Oct 03 17:59:17 COT 2016, goodbye.
